<?xml version="1.0" encoding="UTF-8"?>
<!-- Generated by org.testng.reporters.JUnitXMLReporter -->
<testsuite hostname="Soft" name="Test" tests="3" failures="0" timestamp="29 Sep 2019 18:36:55 GMT" time="88.84" errors="0">
  <testcase name="validatehead" time="22.419" classname="Academy.E2EProject.validateHead"/>
  <testcase name="homepage" time="33.803" classname="Academy.E2EProject.homePage"/>
  <testcase name="homepage" time="31.872" classname="Academy.E2EProject.homePage"/>
</testsuite> <!-- Test -->
